<?xml version="1.0" encoding="UTF-8"?>
<!-- Generated by org.testng.reporters.JUnitReportReporter -->
<testsuite hostname="WIN-GLF10487UOQ" failures="0" tests="1" name="NewTest" time="0.277" errors="0" timestamp="2021-10-09T03:47:53 PDT" skipped="0">
  <testcase classname="NewTest" name="checkTitle" time="0.277"/>
</testsuite> <!-- NewTest -->
