<?xml version="1.0" encoding="UTF-8"?>
<!-- Generated by org.testng.reporters.JUnitReportReporter -->
<testsuite hostname="WIN-GLF10487UOQ" failures="0" tests="1" name="package2.NewTest" time="0.382" errors="0" timestamp="2021-10-09T05:21:21 PDT" skipped="0">
  <testcase classname="package2.NewTest" name="checkTitle" time="0.382"/>
</testsuite> <!-- package2.NewTest -->
